<?xml version="1.0" encoding="UTF-8"?>
<!-- Generated by org.testng.reporters.JUnitReportReporter -->
<testsuite skipped="1" hostname="Admin-PC" name="utilities.BibleBase" tests="2" failures="0" timestamp="2020-05-28T16:18:17 IST" time="9.499" errors="1">
  <testcase name="beforeTest" time="9.499" classname="utilities.BibleBase">
    <error type="org.openqa.selenium.SessionNotCreatedException" message="session not created: This version of ChromeDriver only supports Chrome version 80
Build info: version: &#039;3.141.59&#039;, revision: &#039;e82be7d358&#039;, time: &#039;2018-11-14T08:17:03&#039;
System info: host: &#039;ADMIN-PC&#039;, ip: &#039;192.168.43.119&#039;, os.name: &#039;Windows 7&#039;, os.arch: &#039;amd64&#039;, os.version: &#039;6.1&#039;, java.version: &#039;1.8.0_241&#039;
Driver info: driver.version: ChromeDriver
remote stacktrace: Backtrace:
	Ordinal0 [0x00AD0C83+1707139]
	Ordinal0 [0x00A368F1+1075441]
	Ordinal0 [0x009ADFC9+516041]
	Ordinal0 [0x00940554+66900]
	Ordinal0 [0x0093CCE2+52450]
	Ordinal0 [0x0095BFD7+180183]
	Ordinal0 [0x0095BDDD+179677]
	Ordinal0 [0x00959D4B+171339]
	Ordinal0 [0x00941D4A+73034]
	Ordinal0 [0x00942DC0+77248]
	Ordinal0 [0x00942D59+77145]
	Ordinal0 [0x00A4BB67+1162087]
	GetHandleVerifier [0x00B6A966+508998]
	GetHandleVerifier [0x00B6A6A4+508292]
	GetHandleVerifier [0x00B7F7B7+594583]
	GetHandleVerifier [0x00B6B1D6+511158]
	Ordinal0 [0x00A4402C+1130540]
	Ordinal0 [0x00A4D4CB+1168587]
	Ordinal0 [0x00A4D633+1168947]
	Ordinal0 [0x00A65B35+1268533]
	BaseThreadInitThunk [0x76DE33AA+18]
	RtlInitializeExceptionChain [0x77AE9EF2+99]
	RtlInitializeExceptionChain [0x77AE9EC5+54]
">
      <![CDATA[org.openqa.selenium.SessionNotCreatedException: session not created: This version of ChromeDriver only supports Chrome version 80
Build info: version: '3.141.59', revision: 'e82be7d358', time: '2018-11-14T08:17:03'
System info: host: 'ADMIN-PC', ip: '192.168.43.119', os.name: 'Windows 7', os.arch: 'amd64', os.version: '6.1', java.version: '1.8.0_241'
Driver info: driver.version: ChromeDriver
remote stacktrace: Backtrace:
Ordinal0 [0x00AD0C83+1707139]
Ordinal0 [0x00A368F1+1075441]
Ordinal0 [0x009ADFC9+516041]
Ordinal0 [0x00940554+66900]
Ordinal0 [0x0093CCE2+52450]
Ordinal0 [0x0095BFD7+180183]
Ordinal0 [0x0095BDDD+179677]
Ordinal0 [0x00959D4B+171339]
Ordinal0 [0x00941D4A+73034]
Ordinal0 [0x00942DC0+77248]
Ordinal0 [0x00942D59+77145]
Ordinal0 [0x00A4BB67+1162087]
GetHandleVerifier [0x00B6A966+508998]
GetHandleVerifier [0x00B6A6A4+508292]
GetHandleVerifier [0x00B7F7B7+594583]
GetHandleVerifier [0x00B6B1D6+511158]
Ordinal0 [0x00A4402C+1130540]
Ordinal0 [0x00A4D4CB+1168587]
Ordinal0 [0x00A4D633+1168947]
Ordinal0 [0x00A65B35+1268533]
BaseThreadInitThunk [0x76DE33AA+18]
RtlInitializeExceptionChain [0x77AE9EF2+99]
RtlInitializeExceptionChain [0x77AE9EC5+54]

at sun.reflect.NativeConstructorAccessorImpl.newInstance0(Native Method)
at sun.reflect.NativeConstructorAccessorImpl.newInstance(NativeConstructorAccessorImpl.java:62)
at sun.reflect.DelegatingConstructorAccessorImpl.newInstance(DelegatingConstructorAccessorImpl.java:45)
at java.lang.reflect.Constructor.newInstance(Constructor.java:423)
at org.openqa.selenium.remote.W3CHandshakeResponse.lambda$errorHandler$0(W3CHandshakeResponse.java:62)
at org.openqa.selenium.remote.HandshakeResponse.lambda$getResponseFunction$0(HandshakeResponse.java:30)
at org.openqa.selenium.remote.ProtocolHandshake.lambda$createSession$0(ProtocolHandshake.java:126)
at java.util.stream.ReferencePipeline$3$1.accept(ReferencePipeline.java:193)
at java.util.Spliterators$ArraySpliterator.tryAdvance(Spliterators.java:958)
at java.util.stream.ReferencePipeline.forEachWithCancel(ReferencePipeline.java:126)
at java.util.stream.AbstractPipeline.copyIntoWithCancel(AbstractPipeline.java:499)
at java.util.stream.AbstractPipeline.copyInto(AbstractPipeline.java:486)
at java.util.stream.AbstractPipeline.wrapAndCopyInto(AbstractPipeline.java:472)
at java.util.stream.FindOps$FindOp.evaluateSequential(FindOps.java:152)
at java.util.stream.AbstractPipeline.evaluate(AbstractPipeline.java:234)
at java.util.stream.ReferencePipeline.findFirst(ReferencePipeline.java:464)
at org.openqa.selenium.remote.ProtocolHandshake.createSession(ProtocolHandshake.java:128)
at org.openqa.selenium.remote.ProtocolHandshake.createSession(ProtocolHandshake.java:74)
at org.openqa.selenium.remote.HttpCommandExecutor.execute(HttpCommandExecutor.java:136)
at org.openqa.selenium.remote.service.DriverCommandExecutor.execute(DriverCommandExecutor.java:83)
at org.openqa.selenium.remote.RemoteWebDriver.execute(RemoteWebDriver.java:552)
at org.openqa.selenium.remote.RemoteWebDriver.startSession(RemoteWebDriver.java:213)
at org.openqa.selenium.remote.RemoteWebDriver.<init>(RemoteWebDriver.java:131)
at org.openqa.selenium.chrome.ChromeDriver.<init>(ChromeDriver.java:181)
at org.openqa.selenium.chrome.ChromeDriver.<init>(ChromeDriver.java:168)
at org.openqa.selenium.chrome.ChromeDriver.<init>(ChromeDriver.java:123)
at utilities.BibleBase.beforeTest(BibleBase.java:17)
at sun.reflect.NativeMethodAccessorImpl.invoke0(Native Method)
at sun.reflect.NativeMethodAccessorImpl.invoke(NativeMethodAccessorImpl.java:62)
at sun.reflect.DelegatingMethodAccessorImpl.invoke(DelegatingMethodAccessorImpl.java:43)
at java.lang.reflect.Method.invoke(Method.java:498)
at org.testng.internal.MethodInvocationHelper.invokeMethod(MethodInvocationHelper.java:133)
at org.testng.internal.MethodInvocationHelper.invokeMethodConsideringTimeout(MethodInvocationHelper.java:62)
at org.testng.internal.ConfigInvoker.invokeConfigurationMethod(ConfigInvoker.java:340)
at org.testng.internal.ConfigInvoker.invokeConfigurations(ConfigInvoker.java:294)
at org.testng.TestRunner.invokeTestConfigurations(TestRunner.java:623)
at org.testng.TestRunner.beforeRun(TestRunner.java:613)
at org.testng.TestRunner.run(TestRunner.java:584)
at org.testng.SuiteRunner.runTest(SuiteRunner.java:402)
at org.testng.SuiteRunner.runSequentially(SuiteRunner.java:396)
at org.testng.SuiteRunner.privateRun(SuiteRunner.java:355)
at org.testng.SuiteRunner.run(SuiteRunner.java:304)
at org.testng.SuiteRunnerWorker.runSuite(SuiteRunnerWorker.java:53)
at org.testng.SuiteRunnerWorker.run(SuiteRunnerWorker.java:96)
at org.testng.TestNG.runSuitesSequentially(TestNG.java:1180)
at org.testng.TestNG.runSuitesLocally(TestNG.java:1102)
at org.testng.TestNG.runSuites(TestNG.java:1032)
at org.testng.TestNG.run(TestNG.java:1000)
at org.testng.remote.AbstractRemoteTestNG.run(AbstractRemoteTestNG.java:115)
at org.testng.remote.RemoteTestNG.initAndRun(RemoteTestNG.java:251)
at org.testng.remote.RemoteTestNG.main(RemoteTestNG.java:77)
]]>
    </error>
  </testcase> <!-- beforeTest -->
  <testcase name="test" time="0.000" classname="utilities.BibleBase">
    <skipped/>
  </testcase> <!-- test -->
</testsuite> <!-- utilities.BibleBase -->
